Using pre-set license
Built from '2020.3/staging' branch; Version is '2020.3.13f1 (71691879b7f5) revision 7432472'; Using compiler version '192528614'; Build Type 'Release'
OS: 'Windows 10 Home Single Language; OS build 19043.1110; Version 2009; 64bit' Language: 'ru' Physical Memory: 8010 MB
BatchMode: 1, IsHumanControllingUs: 0, StartBugReporterOnCrash: 0, Is64bit: 1, IsPro: 0

 COMMAND LINE ARGUMENTS:
D:\Programs\Unity3D\2020.3.13f1\Editor\Unity.exe
-adb2
-batchMode
-noUpm
-name
AssetImportWorker0
-projectPath
D:/Документы/Projects/Unity3D/StepRhythm
-logFile
Logs/AssetImportWorker0.log
-srvPort
58849
Successfully changed project path to: D:/Документы/Projects/Unity3D/StepRhythm
D:/Документы/Projects/Unity3D/StepRhythm
Using Asset Import Pipeline V2.
Refreshing native plugins compatible for Editor in 34.41 ms, found 2 plugins.
Preloading 0 native plugins for Editor in 0.00 ms.
Initialize engine version: 2020.3.13f1 (71691879b7f5)
[Subsystems] Discovering subsystems at path D:/Programs/Unity3D/2020.3.13f1/Editor/Data/Resources/UnitySubsystems
[Subsystems] Discovering subsystems at path D:/Документы/Projects/Unity3D/StepRhythm/Assets
GfxDevice: creating device client; threaded=0
Direct3D:
    Version:  Direct3D 11.0 [level 11.1]
    Renderer: NVIDIA GeForce GTX 1650 (ID=0x1f91)
    Vendor:   
    VRAM:     3962 MB
    Driver:   30.0.14.7111
Initialize mono
Mono path[0] = 'D:/Programs/Unity3D/2020.3.13f1/Editor/Data/Managed'
Mono path[1] = 'D:/Programs/Unity3D/2020.3.13f1/Editor/Data/MonoBleedingEdge/lib/mono/unityjit'
Mono config path = 'D:/Programs/Unity3D/2020.3.13f1/Editor/Data/MonoBleedingEdge/etc'
Using monoOptions --debugger-agent=transport=dt_socket,embedding=1,server=y,suspend=n,address=127.0.0.1:56176
Begin MonoManager ReloadAssembly
Registering precompiled unity dll's ...
Register platform support module: D:/Programs/Unity3D/2020.3.13f1/Editor/Data/PlaybackEngines/WindowsStandaloneSupport/UnityEditor.WindowsStandalone.Extensions.dll
Registered in 0.001139 seconds.
Native extension for WindowsStandalone target not found
Refreshing native plugins compatible for Editor in 25.25 ms, found 2 plugins.
Preloading 0 native plugins for Editor in 0.00 ms.
Mono: successfully reloaded assembly
- Completed reload, in  2.251 seconds
Platform modules already initialized, skipping
Registering precompiled user dll's ...
Registered in 0.003467 seconds.
Begin MonoManager ReloadAssembly
Native extension for WindowsStandalone target not found
Refreshing native plugins compatible for Editor in 0.30 ms, found 2 plugins.
Preloading 0 native plugins for Editor in 0.00 ms.
Mono: successfully reloaded assembly
- Completed reload, in  1.082 seconds
Platform modules already initialized, skipping
========================================================================
Worker process is ready to serve import requests
Launched and connected shader compiler UnityShaderCompiler.exe after 0.16 seconds
Refreshing native plugins compatible for Editor in 0.65 ms, found 2 plugins.
Preloading 0 native plugins for Editor in 0.00 ms.
Unloading 1392 Unused Serialized files (Serialized files now loaded: 0)
System memory in use before: 65.0 MB.
System memory in use after: 65.1 MB.

Unloading 19 unused Assets to reduce memory usage. Loaded Objects now: 1825.
Total: 2.864600 ms (FindLiveObjects: 0.347500 ms CreateObjectMapping: 0.097300 ms MarkObjects: 2.335600 ms  DeleteObjects: 0.082800 ms)

AssetImportParameters requested are different than current active one (requested -> active):
  custom:framework-win-MediaFoundation: 216162199b28c13a410421893ffa2e32 -> 
  custom:video-decoder-ogg-theora: a1e56fd34408186e4bbccfd4996cb3dc -> 
  custom:container-muxer-webm: aa71ff27fc2769a1b78a27578f13a17b -> 
  custom:container-demuxer-webm: 4f35f7cbe854078d1ac9338744f61a02 -> 
  custom:container-demuxer-ogg: 62fdf1f143b41e24485cea50d1cbac27 -> 
  custom:video-encoder-webm-vp8: eb34c28f22e8b96e1ab97ce403110664 -> 
  custom:video-decoder-webm-vp8: 9c59270c3fd7afecdb556c50c9e8de78 -> 
  custom:audio-decoder-ogg-vorbis: bf7c407c2cedff20999df2af8eb42d56 -> 
  custom:audio-encoder-webm-vorbis: bf7c407c2cedff20999df2af8eb42d56 -> 
========================================================================
Received Import Request.
  path: Assets/scripts/LevelLoad.cs
  artifactKey: Guid(139571e9bd587f34dbf470bba467524e) Importer(815301076,1909f56bfc062723c751e8b465ee728b)
Start importing Assets/scripts/LevelLoad.cs using Guid(139571e9bd587f34dbf470bba467524e) Importer(815301076,1909f56bfc062723c751e8b465ee728b)  -> (artifact id: 'f2c0061878507c22544f5198ad86be42') in 0.158671 seconds 
  Import took 0.161725 seconds .

========================================================================
Received Prepare
Registering precompiled user dll's ...
Registered in 0.003266 seconds.
Begin MonoManager ReloadAssembly
Native extension for WindowsStandalone target not found
Refreshing native plugins compatible for Editor in 0.49 ms, found 2 plugins.
Preloading 0 native plugins for Editor in 0.00 ms.
Mono: successfully reloaded assembly
- Completed reload, in  0.940 seconds
Platform modules already initialized, skipping
Refreshing native plugins compatible for Editor in 0.32 ms, found 2 plugins.
Preloading 0 native plugins for Editor in 0.00 ms.
Unloading 1387 Unused Serialized files (Serialized files now loaded: 0)
System memory in use before: 65.0 MB.
System memory in use after: 65.0 MB.

Unloading 14 unused Assets to reduce memory usage. Loaded Objects now: 1828.
Total: 1.836800 ms (FindLiveObjects: 0.169700 ms CreateObjectMapping: 0.041700 ms MarkObjects: 1.566500 ms  DeleteObjects: 0.057300 ms)

AssetImportParameters requested are different than current active one (requested -> active):
  custom:framework-win-MediaFoundation: 216162199b28c13a410421893ffa2e32 -> 
  custom:video-decoder-ogg-theora: a1e56fd34408186e4bbccfd4996cb3dc -> 
  custom:container-muxer-webm: aa71ff27fc2769a1b78a27578f13a17b -> 
  custom:container-demuxer-webm: 4f35f7cbe854078d1ac9338744f61a02 -> 
  custom:container-demuxer-ogg: 62fdf1f143b41e24485cea50d1cbac27 -> 
  custom:video-encoder-webm-vp8: eb34c28f22e8b96e1ab97ce403110664 -> 
  custom:video-decoder-webm-vp8: 9c59270c3fd7afecdb556c50c9e8de78 -> 
  custom:audio-decoder-ogg-vorbis: bf7c407c2cedff20999df2af8eb42d56 -> 
  custom:audio-encoder-webm-vorbis: bf7c407c2cedff20999df2af8eb42d56 -> 
========================================================================
Received Import Request.
  Time since last request: 3554.118149 seconds.
  path: Assets
  artifactKey: Guid(00000000000000001000000000000000) Importer(815301076,1909f56bfc062723c751e8b465ee728b)
Start importing Assets using Guid(00000000000000001000000000000000) Importer(815301076,1909f56bfc062723c751e8b465ee728b)  -> (artifact id: '42d402b061de3733987d63b9cc3b64de') in 0.055064 seconds 
  Import took 0.139420 seconds .

========================================================================
Received Import Request.
  Time since last request: 4.546167 seconds.
  path: Assets/materials
  artifactKey: Guid(63019377d0440a64fb89096fc3499813) Importer(815301076,1909f56bfc062723c751e8b465ee728b)
Start importing Assets/materials using Guid(63019377d0440a64fb89096fc3499813) Importer(815301076,1909f56bfc062723c751e8b465ee728b)  -> (artifact id: '2b77f6cf8d39c04d6058566eecb97427') in 0.009144 seconds 
  Import took 0.055817 seconds .

========================================================================
Received Import Request.
  Time since last request: 9.891467 seconds.
  path: Assets/materials/dark-sky.mat
  artifactKey: Guid(83089268a3925c74f9a7de6b49302253) Importer(815301076,1909f56bfc062723c751e8b465ee728b)
Start importing Assets/materials/dark-sky.mat using Guid(83089268a3925c74f9a7de6b49302253) Importer(815301076,1909f56bfc062723c751e8b465ee728b)  -> (artifact id: '0728c8ef1780115aecbd054cd4c8ccb0') in 0.411411 seconds 
  Import took 0.485815 seconds .

========================================================================
Received Import Request.
  Time since last request: 244.540931 seconds.
  path: Assets/materials/dark-sky.mat
  artifactKey: Guid(83089268a3925c74f9a7de6b49302253) Importer(815301076,1909f56bfc062723c751e8b465ee728b)
Start importing Assets/materials/dark-sky.mat using Guid(83089268a3925c74f9a7de6b49302253) Importer(815301076,1909f56bfc062723c751e8b465ee728b)  -> (artifact id: '13634cc06102b695e7e667d4600d67b4') in 0.021046 seconds 
  Import took 0.143474 seconds .

========================================================================
Received Import Request.
  Time since last request: 150.273657 seconds.
  path: Assets/materials/black.mat
  artifactKey: Guid(fdfb75b199bb63b4693c4ce8b02bebcd) Importer(815301076,1909f56bfc062723c751e8b465ee728b)
Start importing Assets/materials/black.mat using Guid(fdfb75b199bb63b4693c4ce8b02bebcd) Importer(815301076,1909f56bfc062723c751e8b465ee728b)  -> (artifact id: 'e497b2cb954f0e5da5976b723734ae57') in 0.021773 seconds 
  Import took 0.024348 seconds .

========================================================================
Received Import Request.
  Time since last request: 17.586816 seconds.
  path: Assets/materials/dark-gray.mat
  artifactKey: Guid(18a5ee910223b6348b2e74fef3402f1d) Importer(815301076,1909f56bfc062723c751e8b465ee728b)
Start importing Assets/materials/dark-gray.mat using Guid(18a5ee910223b6348b2e74fef3402f1d) Importer(815301076,1909f56bfc062723c751e8b465ee728b)  -> (artifact id: '975f4c5b28d92e947040a32ef60ee855') in 0.023398 seconds 
  Import took 0.086834 seconds .

========================================================================
Received Import Request.
  Time since last request: 8.883045 seconds.
  path: Assets/materials/gray.mat
  artifactKey: Guid(e4fec5f0aeffa294b8997f81ff14c56e) Importer(815301076,1909f56bfc062723c751e8b465ee728b)
Start importing Assets/materials/gray.mat using Guid(e4fec5f0aeffa294b8997f81ff14c56e) Importer(815301076,1909f56bfc062723c751e8b465ee728b)  -> (artifact id: '1e4fe22c76392c1ba16eca402e8ff31a') in 0.024030 seconds 
  Import took 0.054180 seconds .

========================================================================
Received Import Request.
  Time since last request: 47.933500 seconds.
  path: Assets/materials/black.mat
  artifactKey: Guid(fdfb75b199bb63b4693c4ce8b02bebcd) Importer(815301076,1909f56bfc062723c751e8b465ee728b)
Start importing Assets/materials/black.mat using Guid(fdfb75b199bb63b4693c4ce8b02bebcd) Importer(815301076,1909f56bfc062723c751e8b465ee728b)  -> (artifact id: '085372f5f90d6ff7a6e643f3094a82b5') in 0.021039 seconds 
  Import took 0.024011 seconds .

========================================================================
Received Import Request.
  Time since last request: 0.000182 seconds.
  path: Assets/materials/gray.mat
  artifactKey: Guid(e4fec5f0aeffa294b8997f81ff14c56e) Importer(815301076,1909f56bfc062723c751e8b465ee728b)
Start importing Assets/materials/gray.mat using Guid(e4fec5f0aeffa294b8997f81ff14c56e) Importer(815301076,1909f56bfc062723c751e8b465ee728b)  -> (artifact id: '893a01c9043accc6b4fccfe32feeed31') in 0.042349 seconds 
  Import took 0.044868 seconds .

========================================================================
Received Import Request.
  Time since last request: 0.000163 seconds.
  path: Assets/materials/dark-gray.mat
  artifactKey: Guid(18a5ee910223b6348b2e74fef3402f1d) Importer(815301076,1909f56bfc062723c751e8b465ee728b)
Start importing Assets/materials/dark-gray.mat using Guid(18a5ee910223b6348b2e74fef3402f1d) Importer(815301076,1909f56bfc062723c751e8b465ee728b)  -> (artifact id: '82ac0a47261053951f696c6365227682') in 0.013442 seconds 
  Import took 0.039136 seconds .

========================================================================
Received Import Request.
  Time since last request: 528.991651 seconds.
  path: Assets/materials/emission.mat
  artifactKey: Guid(da8535c3a9efad94babd0b73229aa2ee) Importer(815301076,1909f56bfc062723c751e8b465ee728b)
Start importing Assets/materials/emission.mat using Guid(da8535c3a9efad94babd0b73229aa2ee) Importer(815301076,1909f56bfc062723c751e8b465ee728b)  -> (artifact id: '68481e1efc5986b6fec0ac3036650118') in 0.041370 seconds 
  Import took 0.064245 seconds .

========================================================================
Received Import Request.
  Time since last request: 6.769859 seconds.
  path: Assets/materials/white-emission.mat
  artifactKey: Guid(da8535c3a9efad94babd0b73229aa2ee) Importer(815301076,1909f56bfc062723c751e8b465ee728b)
Start importing Assets/materials/white-emission.mat using Guid(da8535c3a9efad94babd0b73229aa2ee) Importer(815301076,1909f56bfc062723c751e8b465ee728b)  -> (artifact id: 'e1a91369c2cc271711c415961698bd93') in 0.019540 seconds 
  Import took 0.083046 seconds .

========================================================================
Received Import Request.
  Time since last request: 98.778441 seconds.
  path: Assets/materials/white-emission.mat
  artifactKey: Guid(da8535c3a9efad94babd0b73229aa2ee) Importer(815301076,1909f56bfc062723c751e8b465ee728b)
Start importing Assets/materials/white-emission.mat using Guid(da8535c3a9efad94babd0b73229aa2ee) Importer(815301076,1909f56bfc062723c751e8b465ee728b)  -> (artifact id: '2050a5ff7a30275e9f937009ba14dc64') in 0.102434 seconds 
  Import took 0.119664 seconds .

========================================================================
Received Import Request.
  Time since last request: 8177.465718 seconds.
  path: Assets/materials/ad-1.mat
  artifactKey: Guid(230c586752d4e3341b4a8852ee9efb88) Importer(815301076,1909f56bfc062723c751e8b465ee728b)
Start importing Assets/materials/ad-1.mat using Guid(230c586752d4e3341b4a8852ee9efb88) Importer(815301076,1909f56bfc062723c751e8b465ee728b)  -> (artifact id: '76e69beb2b96496ed0410f4947911bb4') in 0.056299 seconds 
  Import took 0.104626 seconds .

========================================================================
Received Import Request.
  Time since last request: 4.892076 seconds.
  path: Assets/materials/ad-2.mat
  artifactKey: Guid(348fc264b63799948a82f3b93fd323d7) Importer(815301076,1909f56bfc062723c751e8b465ee728b)
Start importing Assets/materials/ad-2.mat using Guid(348fc264b63799948a82f3b93fd323d7) Importer(815301076,1909f56bfc062723c751e8b465ee728b)  -> (artifact id: 'edadf2a1d28080c90fd2ff983d992ced') in 0.024804 seconds 
  Import took 0.028121 seconds .

========================================================================
Received Import Request.
  Time since last request: 12.947889 seconds.
  path: Assets/materials/ad-3.mat
  artifactKey: Guid(40f3ea798c645c847ac07433f32ef835) Importer(815301076,1909f56bfc062723c751e8b465ee728b)
Start importing Assets/materials/ad-3.mat using Guid(40f3ea798c645c847ac07433f32ef835) Importer(815301076,1909f56bfc062723c751e8b465ee728b)  -> (artifact id: '1b4215f583964a5c524c0c0f01d4c921') in 0.048491 seconds 
  Import took 0.050781 seconds .

========================================================================
Received Import Request.
  Time since last request: 9.950293 seconds.
  path: Assets/materials/ad-4.mat
  artifactKey: Guid(4c884b16443e21849a59814cf7de7e4c) Importer(815301076,1909f56bfc062723c751e8b465ee728b)
Start importing Assets/materials/ad-4.mat using Guid(4c884b16443e21849a59814cf7de7e4c) Importer(815301076,1909f56bfc062723c751e8b465ee728b)  -> (artifact id: '814bfcffed44eb4877621966e9c69e9c') in 0.090511 seconds 
  Import took 0.095644 seconds .

========================================================================
Received Import Request.
  Time since last request: 50.220551 seconds.
  path: Assets/materials/ad-1.mat
  artifactKey: Guid(230c586752d4e3341b4a8852ee9efb88) Importer(815301076,1909f56bfc062723c751e8b465ee728b)
Start importing Assets/materials/ad-1.mat using Guid(230c586752d4e3341b4a8852ee9efb88) Importer(815301076,1909f56bfc062723c751e8b465ee728b)  -> (artifact id: '4f7377ebddc0f5838106387c929f46b0') in 0.015877 seconds 
  Import took 0.018113 seconds .

========================================================================
Received Import Request.
  Time since last request: 0.000245 seconds.
  path: Assets/materials/ad-4.mat
  artifactKey: Guid(4c884b16443e21849a59814cf7de7e4c) Importer(815301076,1909f56bfc062723c751e8b465ee728b)
Start importing Assets/materials/ad-4.mat using Guid(4c884b16443e21849a59814cf7de7e4c) Importer(815301076,1909f56bfc062723c751e8b465ee728b)  -> (artifact id: '21b654b242480f21d7233059bd2ec009') in 0.015038 seconds 
  Import took 0.017410 seconds .

========================================================================
Received Import Request.
  Time since last request: 0.000206 seconds.
  path: Assets/materials/ad-3.mat
  artifactKey: Guid(40f3ea798c645c847ac07433f32ef835) Importer(815301076,1909f56bfc062723c751e8b465ee728b)
Start importing Assets/materials/ad-3.mat using Guid(40f3ea798c645c847ac07433f32ef835) Importer(815301076,1909f56bfc062723c751e8b465ee728b)  -> (artifact id: '5ebf5533124f90bd81560847a76b92c9') in 0.014496 seconds 
  Import took 0.017561 seconds .

========================================================================
Received Import Request.
  Time since last request: 0.000214 seconds.
  path: Assets/materials/ad-2.mat
  artifactKey: Guid(348fc264b63799948a82f3b93fd323d7) Importer(815301076,1909f56bfc062723c751e8b465ee728b)
Start importing Assets/materials/ad-2.mat using Guid(348fc264b63799948a82f3b93fd323d7) Importer(815301076,1909f56bfc062723c751e8b465ee728b)  -> (artifact id: 'a3d4779eadc404a330b156111f3669fd') in 0.013845 seconds 
  Import took 0.016765 seconds .

========================================================================
Received Import Request.
  Time since last request: 309.494197 seconds.
  path: Assets/materials/ad-1.mat
  artifactKey: Guid(230c586752d4e3341b4a8852ee9efb88) Importer(815301076,1909f56bfc062723c751e8b465ee728b)
Start importing Assets/materials/ad-1.mat using Guid(230c586752d4e3341b4a8852ee9efb88) Importer(815301076,1909f56bfc062723c751e8b465ee728b)  -> (artifact id: 'ef760153069033bb847b7d6a6c6b95bd') in 0.052925 seconds 
  Import took 0.055987 seconds .

========================================================================
Received Import Request.
  Time since last request: 0.000301 seconds.
  path: Assets/materials/ad-4.mat
  artifactKey: Guid(4c884b16443e21849a59814cf7de7e4c) Importer(815301076,1909f56bfc062723c751e8b465ee728b)
Start importing Assets/materials/ad-4.mat using Guid(4c884b16443e21849a59814cf7de7e4c) Importer(815301076,1909f56bfc062723c751e8b465ee728b)  -> (artifact id: '0a1c5e597b838858c8651462ac92d46c') in 0.018233 seconds 
  Import took 0.021763 seconds .

========================================================================
Received Import Request.
  Time since last request: 0.000173 seconds.
  path: Assets/materials/ad-3.mat
  artifactKey: Guid(40f3ea798c645c847ac07433f32ef835) Importer(815301076,1909f56bfc062723c751e8b465ee728b)
Start importing Assets/materials/ad-3.mat using Guid(40f3ea798c645c847ac07433f32ef835) Importer(815301076,1909f56bfc062723c751e8b465ee728b)  -> (artifact id: 'c21f07693dce156a8e3a9a758cbc22aa') in 0.015928 seconds 
  Import took 0.018202 seconds .

========================================================================
Received Import Request.
  Time since last request: 0.000186 seconds.
  path: Assets/materials/ad-2.mat
  artifactKey: Guid(348fc264b63799948a82f3b93fd323d7) Importer(815301076,1909f56bfc062723c751e8b465ee728b)
Start importing Assets/materials/ad-2.mat using Guid(348fc264b63799948a82f3b93fd323d7) Importer(815301076,1909f56bfc062723c751e8b465ee728b)  -> (artifact id: 'e13db4c58d8bbc005fc5d1e003c92b0e') in 0.047161 seconds 
  Import took 0.050634 seconds .

========================================================================
Received Import Request.
  Time since last request: 73.069353 seconds.
  path: Assets/materials/road.mat
  artifactKey: Guid(364ed7bf4a0956946bbda0f8b772e2a3) Importer(815301076,1909f56bfc062723c751e8b465ee728b)
Start importing Assets/materials/road.mat using Guid(364ed7bf4a0956946bbda0f8b772e2a3) Importer(815301076,1909f56bfc062723c751e8b465ee728b)  -> (artifact id: '94cce58cefee0def818b188d107526fb') in 0.030105 seconds 
  Import took 0.032599 seconds .

========================================================================
Received Import Request.
  Time since last request: 44.992639 seconds.
  path: Assets/materials/road.mat
  artifactKey: Guid(364ed7bf4a0956946bbda0f8b772e2a3) Importer(815301076,1909f56bfc062723c751e8b465ee728b)
Start importing Assets/materials/road.mat using Guid(364ed7bf4a0956946bbda0f8b772e2a3) Importer(815301076,1909f56bfc062723c751e8b465ee728b)  -> (artifact id: '0d7fc009e725f3ffcd232cc8e77cd39b') in 0.031477 seconds 
  Import took 0.034500 seconds .

========================================================================
Received Import Request.
  Time since last request: 3276.257051 seconds.
  path: Assets/materials/ad-1.mat
  artifactKey: Guid(230c586752d4e3341b4a8852ee9efb88) Importer(815301076,1909f56bfc062723c751e8b465ee728b)
Start importing Assets/materials/ad-1.mat using Guid(230c586752d4e3341b4a8852ee9efb88) Importer(815301076,1909f56bfc062723c751e8b465ee728b)  -> (artifact id: 'e466bf68a0e0d0772b482c30e9c228f8') in 0.257235 seconds 
  Import took 0.264872 seconds .

========================================================================
Received Import Request.
  Time since last request: 0.000215 seconds.
  path: Assets/materials/ad-4.mat
  artifactKey: Guid(4c884b16443e21849a59814cf7de7e4c) Importer(815301076,1909f56bfc062723c751e8b465ee728b)
Start importing Assets/materials/ad-4.mat using Guid(4c884b16443e21849a59814cf7de7e4c) Importer(815301076,1909f56bfc062723c751e8b465ee728b)  -> (artifact id: '1a513b7b6068e1872c03672f18d9fcc0') in 0.013038 seconds 
  Import took 0.015773 seconds .

========================================================================
Received Import Request.
  Time since last request: 0.000200 seconds.
  path: Assets/materials/ad-3.mat
  artifactKey: Guid(40f3ea798c645c847ac07433f32ef835) Importer(815301076,1909f56bfc062723c751e8b465ee728b)
Start importing Assets/materials/ad-3.mat using Guid(40f3ea798c645c847ac07433f32ef835) Importer(815301076,1909f56bfc062723c751e8b465ee728b)  -> (artifact id: '7614214096c9f0746a58d52cec17d7b1') in 0.013889 seconds 
  Import took 0.016555 seconds .

========================================================================
Received Import Request.
  Time since last request: 0.000181 seconds.
  path: Assets/materials/ad-2.mat
  artifactKey: Guid(348fc264b63799948a82f3b93fd323d7) Importer(815301076,1909f56bfc062723c751e8b465ee728b)
Start importing Assets/materials/ad-2.mat using Guid(348fc264b63799948a82f3b93fd323d7) Importer(815301076,1909f56bfc062723c751e8b465ee728b)  -> (artifact id: 'f9b9f3a1d941a562960fc5f290112b7e') in 0.028850 seconds 
  Import took 0.030953 seconds .

